{"/Users/roderik/Development/databrokerdao/crowdsale-contracts/contracts/DataBrokerDaoToken.sol":{"l":{},"path":"/Users/roderik/Development/databrokerdao/crowdsale-contracts/contracts/DataBrokerDaoToken.sol","s":{},"b":{},"f":{"1":13},"fnMap":{"1":{"name":"DataBrokerDaoToken","line":8,"loc":{"start":{"line":8,"column":4},"end":{"line":17,"column":7}}}},"statementMap":{},"branchMap":{}},"/Users/roderik/Development/databrokerdao/crowdsale-contracts/contracts/EarlyTokenSale.sol":{"l":{"44":5,"45":5,"46":5,"47":5,"49":5,"50":5,"51":5,"52":5,"60":3,"67":0,"77":0,"87":0,"97":3,"98":2,"99":1,"100":1,"101":1,"103":1,"105":1,"107":1,"108":1,"116":1,"118":1,"119":1,"120":0,"123":1,"124":1,"125":0},"path":"/Users/roderik/Development/databrokerdao/crowdsale-contracts/contracts/EarlyTokenSale.sol","s":{"1":5,"2":5,"3":5,"4":5,"5":5,"6":5,"7":5,"8":5,"9":3,"10":0,"11":0,"12":0,"13":3,"14":2,"15":1,"16":1,"17":1,"18":1,"19":1,"20":1,"21":1,"22":1,"23":1,"24":1,"25":0,"26":1,"27":1,"28":0},"b":{"1":[5,0],"2":[5,0],"3":[5,0],"4":[5,0],"5":[2,1],"6":[1,1],"7":[1,0],"8":[1,0],"9":[1,0],"10":[1,0],"11":[1,0],"12":[1,0],"13":[0,1],"14":[0,1]},"f":{"1":5,"2":3,"3":0,"4":0,"5":0,"6":3,"7":1},"fnMap":{"1":{"name":"EarlyTokenSale","line":38,"loc":{"start":{"line":38,"column":4},"end":{"line":43,"column":7}}},"2":{"name":null,"line":59,"loc":{"start":{"line":59,"column":4},"end":{"line":59,"column":21}}},"3":{"name":"proxyPayment","line":66,"loc":{"start":{"line":66,"column":4},"end":{"line":66,"column":69}}},"4":{"name":"onTransfer","line":76,"loc":{"start":{"line":76,"column":4},"end":{"line":76,"column":85}}},"5":{"name":"onApprove","line":86,"loc":{"start":{"line":86,"column":4},"end":{"line":86,"column":90}}},"6":{"name":"doPayment","line":95,"loc":{"start":{"line":95,"column":4},"end":{"line":95,"column":81}}},"7":{"name":"finalizeSale","line":115,"loc":{"start":{"line":115,"column":4},"end":{"line":115,"column":25}}}},"statementMap":{"1":{"start":{"line":44,"column":8},"end":{"line":44,"column":37}},"2":{"start":{"line":45,"column":8},"end":{"line":45,"column":52}},"3":{"start":{"line":46,"column":8},"end":{"line":46,"column":34}},"4":{"start":{"line":47,"column":8},"end":{"line":47,"column":34}},"5":{"start":{"line":49,"column":8},"end":{"line":49,"column":43}},"6":{"start":{"line":50,"column":8},"end":{"line":50,"column":39}},"7":{"start":{"line":51,"column":8},"end":{"line":51,"column":56}},"8":{"start":{"line":52,"column":8},"end":{"line":52,"column":35}},"9":{"start":{"line":60,"column":8},"end":{"line":60,"column":28}},"10":{"start":{"line":67,"column":8},"end":{"line":67,"column":32}},"11":{"start":{"line":77,"column":8},"end":{"line":77,"column":19}},"12":{"start":{"line":87,"column":8},"end":{"line":87,"column":19}},"13":{"start":{"line":97,"column":8},"end":{"line":97,"column":39}},"14":{"start":{"line":98,"column":8},"end":{"line":98,"column":36}},"15":{"start":{"line":99,"column":8},"end":{"line":99,"column":47}},"16":{"start":{"line":100,"column":8},"end":{"line":100,"column":29}},"17":{"start":{"line":101,"column":8},"end":{"line":101,"column":63}},"18":{"start":{"line":103,"column":8},"end":{"line":103,"column":53}},"19":{"start":{"line":105,"column":8},"end":{"line":105,"column":44}},"20":{"start":{"line":107,"column":8},"end":{"line":107,"column":83}},"21":{"start":{"line":108,"column":8},"end":{"line":108,"column":19}},"22":{"start":{"line":116,"column":8},"end":{"line":116,"column":72}},"23":{"start":{"line":118,"column":8},"end":{"line":118,"column":58}},"24":{"start":{"line":119,"column":8},"end":{"line":119,"column":5366}},"25":{"start":{"line":120,"column":12},"end":{"line":120,"column":19}},"26":{"start":{"line":123,"column":8},"end":{"line":123,"column":54}},"27":{"start":{"line":124,"column":8},"end":{"line":124,"column":5532}},"28":{"start":{"line":125,"column":12},"end":{"line":125,"column":19}}},"branchMap":{"1":{"line":44,"type":"if","locations":[{"start":{"line":44,"column":8},"end":{"line":44,"column":8}},{"start":{"line":44,"column":8},"end":{"line":44,"column":8}}]},"2":{"line":45,"type":"if","locations":[{"start":{"line":45,"column":8},"end":{"line":45,"column":8}},{"start":{"line":45,"column":8},"end":{"line":45,"column":8}}]},"3":{"line":46,"type":"if","locations":[{"start":{"line":46,"column":8},"end":{"line":46,"column":8}},{"start":{"line":46,"column":8},"end":{"line":46,"column":8}}]},"4":{"line":47,"type":"if","locations":[{"start":{"line":47,"column":8},"end":{"line":47,"column":8}},{"start":{"line":47,"column":8},"end":{"line":47,"column":8}}]},"5":{"line":97,"type":"if","locations":[{"start":{"line":97,"column":8},"end":{"line":97,"column":8}},{"start":{"line":97,"column":8},"end":{"line":97,"column":8}}]},"6":{"line":98,"type":"if","locations":[{"start":{"line":98,"column":8},"end":{"line":98,"column":8}},{"start":{"line":98,"column":8},"end":{"line":98,"column":8}}]},"7":{"line":99,"type":"if","locations":[{"start":{"line":99,"column":8},"end":{"line":99,"column":8}},{"start":{"line":99,"column":8},"end":{"line":99,"column":8}}]},"8":{"line":100,"type":"if","locations":[{"start":{"line":100,"column":8},"end":{"line":100,"column":8}},{"start":{"line":100,"column":8},"end":{"line":100,"column":8}}]},"9":{"line":101,"type":"if","locations":[{"start":{"line":101,"column":8},"end":{"line":101,"column":8}},{"start":{"line":101,"column":8},"end":{"line":101,"column":8}}]},"10":{"line":105,"type":"if","locations":[{"start":{"line":105,"column":8},"end":{"line":105,"column":8}},{"start":{"line":105,"column":8},"end":{"line":105,"column":8}}]},"11":{"line":107,"type":"if","locations":[{"start":{"line":107,"column":8},"end":{"line":107,"column":8}},{"start":{"line":107,"column":8},"end":{"line":107,"column":8}}]},"12":{"line":116,"type":"if","locations":[{"start":{"line":116,"column":8},"end":{"line":116,"column":8}},{"start":{"line":116,"column":8},"end":{"line":116,"column":8}}]},"13":{"line":119,"type":"if","locations":[{"start":{"line":119,"column":8},"end":{"line":119,"column":8}},{"start":{"line":119,"column":8},"end":{"line":119,"column":8}}]},"14":{"line":124,"type":"if","locations":[{"start":{"line":124,"column":8},"end":{"line":124,"column":8}},{"start":{"line":124,"column":8},"end":{"line":124,"column":8}}]}}},"/Users/roderik/Development/databrokerdao/crowdsale-contracts/contracts/interfaces/ApproveAndCallReceiver.sol":{"l":{},"path":"/Users/roderik/Development/databrokerdao/crowdsale-contracts/contracts/interfaces/ApproveAndCallReceiver.sol","s":{},"b":{},"f":{},"fnMap":{},"statementMap":{},"branchMap":{}},"/Users/roderik/Development/databrokerdao/crowdsale-contracts/contracts/interfaces/Controlled.sol":{"l":{"16":20,"17":20,"27":5},"path":"/Users/roderik/Development/databrokerdao/crowdsale-contracts/contracts/interfaces/Controlled.sol","s":{"1":20,"2":13,"3":5},"b":{"1":[20,0]},"f":{"1":20,"2":13,"3":5},"fnMap":{"1":{"name":"onlyController","line":15,"loc":{"start":{"line":15,"column":4},"end":{"line":15,"column":25}}},"2":{"name":"Controlled","line":22,"loc":{"start":{"line":22,"column":4},"end":{"line":22,"column":23}}},"3":{"name":"changeController","line":26,"loc":{"start":{"line":26,"column":4},"end":{"line":26,"column":66}}}},"statementMap":{"1":{"start":{"line":16,"column":8},"end":{"line":16,"column":40}},"2":{"start":{"line":22,"column":28},"end":{"line":22,"column":50}},"3":{"start":{"line":27,"column":8},"end":{"line":27,"column":34}}},"branchMap":{"1":{"line":16,"type":"if","locations":[{"start":{"line":16,"column":8},"end":{"line":16,"column":8}},{"start":{"line":16,"column":8},"end":{"line":16,"column":8}}]}}},"/Users/roderik/Development/databrokerdao/crowdsale-contracts/contracts/interfaces/ERC20Token.sol":{"l":{},"path":"/Users/roderik/Development/databrokerdao/crowdsale-contracts/contracts/interfaces/ERC20Token.sol","s":{},"b":{},"f":{},"fnMap":{},"statementMap":{},"branchMap":{}},"/Users/roderik/Development/databrokerdao/crowdsale-contracts/contracts/interfaces/MiniMeTokenI.sol":{"l":{},"path":"/Users/roderik/Development/databrokerdao/crowdsale-contracts/contracts/interfaces/MiniMeTokenI.sol","s":{},"b":{},"f":{},"fnMap":{},"statementMap":{},"branchMap":{}},"/Users/roderik/Development/databrokerdao/crowdsale-contracts/contracts/interfaces/TokenController.sol":{"l":{},"path":"/Users/roderik/Development/databrokerdao/crowdsale-contracts/contracts/interfaces/TokenController.sol","s":{},"b":{},"f":{},"fnMap":{},"statementMap":{},"branchMap":{}}}